This is pdfTeX, Version 3.1415926-2.3-1.40.12 (TeX Live 2011) (format=pdflatex 2011.10.3)  23 OCT 2012 10:46
entering extended mode
 restricted \write18 enabled.
 %&-line parsing enabled.
**\nonstopmode\input top.tex
(./top.tex (/usr/local/texlive/2011/texmf-dist/tex/latex/base/article.cls
Document Class: article 2007/10/19 v1.4h Standard LaTeX document class
(/usr/local/texlive/2011/texmf-dist/tex/latex/base/size10.clo
File: size10.clo 2007/10/19 v1.4h Standard LaTeX file (size option)
)
\c@part=\count79
\c@section=\count80
\c@subsection=\count81
\c@subsubsection=\count82
\c@paragraph=\count83
\c@subparagraph=\count84
\c@figure=\count85
\c@table=\count86
\abovecaptionskip=\skip41
\belowcaptionskip=\skip42
\bibindent=\dimen102
) (./spconf.sty)
(/usr/local/texlive/2011/texmf-dist/tex/latex/amsmath/amsmath.sty
Package: amsmath 2000/07/18 v2.13 AMS math features
\@mathmargin=\skip43

For additional information on amsmath, use the `?' option.
(/usr/local/texlive/2011/texmf-dist/tex/latex/amsmath/amstext.sty
Package: amstext 2000/06/29 v2.01

(/usr/local/texlive/2011/texmf-dist/tex/latex/amsmath/amsgen.sty
File: amsgen.sty 1999/11/30 v2.0
\@emptytoks=\toks14
\ex@=\dimen103
))
(/usr/local/texlive/2011/texmf-dist/tex/latex/amsmath/amsbsy.sty
Package: amsbsy 1999/11/29 v1.2d
\pmbraise@=\dimen104
)
(/usr/local/texlive/2011/texmf-dist/tex/latex/amsmath/amsopn.sty
Package: amsopn 1999/12/14 v2.01 operator names
)
\inf@bad=\count87
LaTeX Info: Redefining \frac on input line 211.
\uproot@=\count88
\leftroot@=\count89
LaTeX Info: Redefining \overline on input line 307.
\classnum@=\count90
\DOTSCASE@=\count91
LaTeX Info: Redefining \ldots on input line 379.
LaTeX Info: Redefining \dots on input line 382.
LaTeX Info: Redefining \cdots on input line 467.
\Mathstrutbox@=\box26
\strutbox@=\box27
\big@size=\dimen105
LaTeX Font Info:    Redeclaring font encoding OML on input line 567.
LaTeX Font Info:    Redeclaring font encoding OMS on input line 568.
\macc@depth=\count92
\c@MaxMatrixCols=\count93
\dotsspace@=\muskip10
\c@parentequation=\count94
\dspbrk@lvl=\count95
\tag@help=\toks15
\row@=\count96
\column@=\count97
\maxfields@=\count98
\andhelp@=\toks16
\eqnshift@=\dimen106
\alignsep@=\dimen107
\tagshift@=\dimen108
\tagwidth@=\dimen109
\totwidth@=\dimen110
\lineht@=\dimen111
\@envbody=\toks17
\multlinegap=\skip44
\multlinetaggap=\skip45
\mathdisplay@stack=\toks18
LaTeX Info: Redefining \[ on input line 2666.
LaTeX Info: Redefining \] on input line 2667.
)
(/usr/local/texlive/2011/texmf-dist/tex/latex/graphics/graphicx.sty
Package: graphicx 1999/02/16 v1.0f Enhanced LaTeX Graphics (DPC,SPQR)

(/usr/local/texlive/2011/texmf-dist/tex/latex/graphics/keyval.sty
Package: keyval 1999/03/16 v1.13 key=value parser (DPC)
\KV@toks@=\toks19
)
(/usr/local/texlive/2011/texmf-dist/tex/latex/graphics/graphics.sty
Package: graphics 2009/02/05 v1.0o Standard LaTeX Graphics (DPC,SPQR)

(/usr/local/texlive/2011/texmf-dist/tex/latex/graphics/trig.sty
Package: trig 1999/03/16 v1.09 sin cos tan (DPC)
)
(/usr/local/texlive/2011/texmf-dist/tex/latex/latexconfig/graphics.cfg
File: graphics.cfg 2010/04/23 v1.9 graphics configuration of TeX Live
)
Package graphics Info: Driver file: pdftex.def on input line 91.

(/usr/local/texlive/2011/texmf-dist/tex/latex/pdftex-def/pdftex.def
File: pdftex.def 2011/05/27 v0.06d Graphics/color for pdfTeX

(/usr/local/texlive/2011/texmf-dist/tex/generic/oberdiek/infwarerr.sty
Package: infwarerr 2010/04/08 v1.3 Providing info/warning/message (HO)
)
(/usr/local/texlive/2011/texmf-dist/tex/generic/oberdiek/ltxcmds.sty
Package: ltxcmds 2011/04/18 v1.20 LaTeX kernel commands for general use (HO)
)
\Gread@gobject=\count99
))
\Gin@req@height=\dimen112
\Gin@req@width=\dimen113
)
(/usr/local/texlive/2011/texmf-dist/tex/latex/algorithms/algorithm.sty
Package: algorithm 2009/08/24 v0.1 Document Style `algorithm' - floating enviro
nment

(/usr/local/texlive/2011/texmf-dist/tex/latex/float/float.sty
Package: float 2001/11/08 v1.3d Float enhancements (AL)
\c@float@type=\count100
\float@exts=\toks20
\float@box=\box28
\@float@everytoks=\toks21
\@floatcapt=\box29
)
(/usr/local/texlive/2011/texmf-dist/tex/latex/base/ifthen.sty
Package: ifthen 2001/05/26 v1.1c Standard LaTeX ifthen package (DPC)
)
\@float@every@algorithm=\toks22
\c@algorithm=\count101
)
(/usr/local/texlive/2011/texmf-dist/tex/latex/algorithms/algorithmic.sty
Package: algorithmic 2009/08/24 v0.1 Document Style `algorithmic'
\c@ALC@unique=\count102
\c@ALC@line=\count103
\c@ALC@rem=\count104
\c@ALC@depth=\count105
\ALC@tlm=\skip46
\algorithmicindent=\skip47
)
(/usr/local/texlive/2011/texmf-dist/tex/latex/amsfonts/amssymb.sty
Package: amssymb 2009/06/22 v3.00

(/usr/local/texlive/2011/texmf-dist/tex/latex/amsfonts/amsfonts.sty
Package: amsfonts 2009/06/22 v3.00 Basic AMSFonts support
\symAMSa=\mathgroup4
\symAMSb=\mathgroup5
LaTeX Font Info:    Overwriting math alphabet `\mathfrak' in version `bold'
(Font)                  U/euf/m/n --> U/euf/b/n on input line 96.
))
(/usr/local/texlive/2011/texmf-dist/tex/latex/base/makeidx.sty
Package: makeidx 2000/03/29 v1.0m Standard LaTeX package
)
(/usr/local/texlive/2011/texmf-dist/tex/latex/url/url.sty
\Urlmuskip=\muskip11
Package: url 2006/04/12  ver 3.3  Verb mode for urls, etc.
)
(/usr/local/texlive/2011/texmf-dist/tex/latex/doublestroke/dsfont.sty
Package: dsfont 1995/08/01 v0.1 Double stroke roman fonts
)
(/usr/local/texlive/2011/texmf-dist/tex/latex/wrapfig/wrapfig.sty
\wrapoverhang=\dimen114
\WF@size=\dimen115
\c@WF@wrappedlines=\count106
\WF@box=\box30
\WF@everypar=\toks23
Package: wrapfig 2003/01/31  v 3.6
)
(/usr/local/texlive/2011/texmf-dist/tex/latex/subfig/subfig.sty
Package: subfig 2005/06/28 ver: 1.3 subfig package

(/usr/local/texlive/2011/texmf-dist/tex/latex/caption/caption.sty
Package: caption 2010/01/09 v3.1m Customizing captions (AR)

(/usr/local/texlive/2011/texmf-dist/tex/latex/caption/caption3.sty
Package: caption3 2010/01/14 v3.1m caption3 kernel (AR)
\captionmargin=\dimen116
\captionmargin@=\dimen117
\captionwidth=\dimen118
\caption@indent=\dimen119
\caption@parindent=\dimen120
\caption@hangindent=\dimen121
)
\c@ContinuedFloat=\count107
Package caption Info: float package is loaded.
Package caption Info: wrapfig package is loaded.
)
\c@KVtest=\count108
\sf@farskip=\skip48
\sf@captopadj=\dimen122
\sf@capskip=\skip49
\sf@nearskip=\skip50
\c@subfigure=\count109
\c@subfigure@save=\count110
\c@lofdepth=\count111
\c@subtable=\count112
\c@subtable@save=\count113
\c@lotdepth=\count114
\sf@top=\skip51
\sf@bottom=\skip52
)
(/usr/local/texlive/2011/texmf-dist/tex/latex/hyperref/hyperref.sty
Package: hyperref 2011/04/17 v6.82g Hypertext links for LaTeX

(/usr/local/texlive/2011/texmf-dist/tex/generic/oberdiek/hobsub-hyperref.sty
Package: hobsub-hyperref 2011/04/23 v1.4 Bundle oberdiek, subset hyperref (HO)

(/usr/local/texlive/2011/texmf-dist/tex/generic/oberdiek/hobsub-generic.sty
Package: hobsub-generic 2011/04/23 v1.4 Bundle oberdiek, subset generic (HO)
Package: hobsub 2011/04/23 v1.4 Subsetting bundle oberdiek (HO)
Package hobsub Info: Skipping package `infwarerr' (already loaded).
Package hobsub Info: Skipping package `ltxcmds' (already loaded).
Package: ifluatex 2010/03/01 v1.3 Provides the ifluatex switch (HO)
Package ifluatex Info: LuaTeX not detected.
Package: ifvtex 2010/03/01 v1.5 Switches for detecting VTeX and its modes (HO)
Package ifvtex Info: VTeX not detected.
Package: intcalc 2007/09/27 v1.1 Expandable integer calculations (HO)
Package: ifpdf 2011/01/30 v2.3 Provides the ifpdf switch (HO)
Package ifpdf Info: pdfTeX in PDF mode is detected.
Package: etexcmds 2011/02/16 v1.5 Prefix for e-TeX command names (HO)
Package etexcmds Info: Could not find \expanded.
(etexcmds)             That can mean that you are not using pdfTeX 1.50 or
(etexcmds)             that some package has redefined \expanded.
(etexcmds)             In the latter case, load this package earlier.
Package: kvsetkeys 2011/04/07 v1.13 Key value parser (HO)
Package: kvdefinekeys 2011/04/07 v1.3 Defining keys (HO)
Package: pdftexcmds 2011/04/22 v0.16 Utilities of pdfTeX for LuaTeX (HO)
Package pdftexcmds Info: LuaTeX not detected.
Package pdftexcmds Info: \pdf@primitive is available.
Package pdftexcmds Info: \pdf@ifprimitive is available.
Package pdftexcmds Info: \pdfdraftmode found.
Package: pdfescape 2011/04/04 v1.12 Provides string conversions (HO)
Package: bigintcalc 2011/01/30 v1.2 Expandable big integer calculations (HO)
Package: bitset 2011/01/30 v1.1 Data type bit set (HO)
Package: uniquecounter 2011/01/30 v1.2 Provides unlimited unique counter (HO)
)
Package hobsub Info: Skipping package `hobsub' (already loaded).
Package: letltxmacro 2010/09/02 v1.4 Let assignment for LaTeX macros (HO)
Package: hopatch 2011/01/30 v1.0 Wrapper for package hooks (HO)
Package: xcolor-patch 2011/01/30 xcolor patch
Package: atveryend 2011/04/23 v1.7 Hooks at very end of document (HO)
Package atveryend Info: \enddocument detected (standard).
Package: atbegshi 2011/01/30 v1.15 At begin shipout hook (HO)
Package: refcount 2010/12/01 v3.2 Data extraction from references (HO)
Package: hycolor 2011/01/30 v1.7 Color options of hyperref/bookmark (HO)
)
(/usr/local/texlive/2011/texmf-dist/tex/generic/ifxetex/ifxetex.sty
Package: ifxetex 2010/09/12 v0.6 Provides ifxetex conditional
)
(/usr/local/texlive/2011/texmf-dist/tex/latex/oberdiek/kvoptions.sty
Package: kvoptions 2010/12/23 v3.10 Keyval support for LaTeX options (HO)
)
\@linkdim=\dimen123
\Hy@linkcounter=\count115
\Hy@pagecounter=\count116

(/usr/local/texlive/2011/texmf-dist/tex/latex/hyperref/pd1enc.def
File: pd1enc.def 2011/04/17 v6.82g Hyperref: PDFDocEncoding definition (HO)
)
\Hy@SavedSpaceFactor=\count117

(/usr/local/texlive/2011/texmf-dist/tex/latex/latexconfig/hyperref.cfg
File: hyperref.cfg 2002/06/06 v1.2 hyperref configuration of TeXLive
)
Package hyperref Info: Hyper figures OFF on input line 4026.
Package hyperref Info: Link nesting OFF on input line 4031.
Package hyperref Info: Hyper index ON on input line 4034.
Package hyperref Info: Plain pages OFF on input line 4041.
Package hyperref Info: Backreferencing OFF on input line 4046.
Package hyperref Info: Implicit mode ON; LaTeX internals redefined.
Package hyperref Info: Bookmarks ON on input line 4264.
\c@Hy@tempcnt=\count118
LaTeX Info: Redefining \url on input line 4617.
\Fld@menulength=\count119
\Field@Width=\dimen124
\Fld@charsize=\dimen125
Package hyperref Info: Hyper figures OFF on input line 5701.
Package hyperref Info: Link nesting OFF on input line 5706.
Package hyperref Info: Hyper index ON on input line 5709.
Package hyperref Info: backreferencing OFF on input line 5716.
Package hyperref Info: Link coloring OFF on input line 5721.
Package hyperref Info: Link coloring with OCG OFF on input line 5726.
Package hyperref Info: PDF/A mode OFF on input line 5731.
LaTeX Info: Redefining \ref on input line 5771.
LaTeX Info: Redefining \pageref on input line 5775.
\Hy@abspage=\count120
\c@Item=\count121
\c@Hfootnote=\count122
)

Package hyperref Message: Driver (autodetected): hpdftex.

(/usr/local/texlive/2011/texmf-dist/tex/latex/hyperref/hpdftex.def
File: hpdftex.def 2011/04/17 v6.82g Hyperref driver for pdfTeX
\Fld@listcount=\count123
\c@bookmark@seq@number=\count124

(/usr/local/texlive/2011/texmf-dist/tex/latex/oberdiek/rerunfilecheck.sty
Package: rerunfilecheck 2011/04/15 v1.7 Rerun checks for auxiliary files (HO)
Package uniquecounter Info: New unique counter `rerunfilecheck' on input line 2
82.
)
\Hy@SectionHShift=\skip53
)

Package hyperref Warning: Invalid value `0,0,0'
(hyperref)                for option `pdfborder'.
(hyperref)                Option setting is ignored on input line 24.

Package hyperref Info: Option `colorlinks' set `true' on input line 24.
(./top.aux)
\openout1 = `top.aux'.

LaTeX Font Info:    Checking defaults for OML/cmm/m/it on input line 40.
LaTeX Font Info:    ... okay on input line 40.
LaTeX Font Info:    Checking defaults for T1/cmr/m/n on input line 40.
LaTeX Font Info:    ... okay on input line 40.
LaTeX Font Info:    Checking defaults for OT1/cmr/m/n on input line 40.
LaTeX Font Info:    ... okay on input line 40.
LaTeX Font Info:    Checking defaults for OMS/cmsy/m/n on input line 40.
LaTeX Font Info:    ... okay on input line 40.
LaTeX Font Info:    Checking defaults for OMX/cmex/m/n on input line 40.
LaTeX Font Info:    ... okay on input line 40.
LaTeX Font Info:    Checking defaults for U/cmr/m/n on input line 40.
LaTeX Font Info:    ... okay on input line 40.
LaTeX Font Info:    Checking defaults for PD1/pdf/m/n on input line 40.
LaTeX Font Info:    ... okay on input line 40.
LaTeX Font Info:    Try loading font information for OT1+ptm on input line 40.
 (/usr/local/texlive/2011/texmf-dist/tex/latex/psnfss/ot1ptm.fd
File: ot1ptm.fd 2001/06/04 font definitions for OT1/ptm.
)
(/usr/local/texlive/2011/texmf-dist/tex/context/base/supp-pdf.mkii
[Loading MPS to PDF converter (version 2006.09.02).]
\scratchcounter=\count125
\scratchdimen=\dimen126
\scratchbox=\box31
\nofMPsegments=\count126
\nofMParguments=\count127
\everyMPshowfont=\toks24
\MPscratchCnt=\count128
\MPscratchDim=\dimen127
\MPnumerator=\count129
\makeMPintoPDFobject=\count130
\everyMPtoPDFconversion=\toks25
) (/usr/local/texlive/2011/texmf-dist/tex/latex/oberdiek/epstopdf-base.sty
Package: epstopdf-base 2010/02/09 v2.5 Base part for package epstopdf

(/usr/local/texlive/2011/texmf-dist/tex/latex/oberdiek/grfext.sty
Package: grfext 2010/08/19 v1.1 Managing graphics extensions (HO)
)
Package grfext Info: Graphics extension search list:
(grfext)             [.png,.pdf,.jpg,.mps,.jpeg,.jbig2,.jb2,.PNG,.PDF,.JPG,.JPE
G,.JBIG2,.JB2,.eps]
(grfext)             \AppendGraphicsExtensions on input line 452.

(/usr/local/texlive/2011/texmf-dist/tex/latex/latexconfig/epstopdf-sys.cfg
File: epstopdf-sys.cfg 2010/07/13 v1.3 Configuration of (r)epstopdf for TeX Liv
e
))
Package caption Info: Begin \AtBeginDocument code.
Package caption3 Info: subfig package 1.2 or 1.3 is loaded.
LaTeX Info: Redefining \subref on input line 40.
Package caption Info: hyperref package is loaded.
Package caption Info: End \AtBeginDocument code.
\AtBeginShipoutBox=\box32

(/usr/local/texlive/2011/texmf-dist/tex/latex/graphics/color.sty
Package: color 2005/11/14 v1.0j Standard LaTeX Color (DPC)

(/usr/local/texlive/2011/texmf-dist/tex/latex/latexconfig/color.cfg
File: color.cfg 2007/01/18 v1.5 color configuration of teTeX/TeXLive
)
Package color Info: Driver file: pdftex.def on input line 130.
)
Package hyperref Info: Link coloring ON on input line 40.

(/usr/local/texlive/2011/texmf-dist/tex/latex/hyperref/nameref.sty
Package: nameref 2010/04/30 v2.40 Cross-referencing by name of section

(/usr/local/texlive/2011/texmf-dist/tex/generic/oberdiek/gettitlestring.sty
Package: gettitlestring 2010/12/03 v1.4 Cleanup title references (HO)
)
\c@section@level=\count131
)
LaTeX Info: Redefining \ref on input line 40.
LaTeX Info: Redefining \pageref on input line 40.
LaTeX Info: Redefining \nameref on input line 40.

(./top.out) (./top.out)
\@outlinefile=\write3
\openout3 = `top.out'.

LaTeX Font Info:    Font shape `OT1/ptm/bx/n' in size <12> not available
(Font)              Font shape `OT1/ptm/b/n' tried instead on input line 66.
LaTeX Font Info:    Try loading font information for U+msa on input line 66.

(/usr/local/texlive/2011/texmf-dist/tex/latex/amsfonts/umsa.fd
File: umsa.fd 2009/06/22 v3.00 AMS symbols A
)
LaTeX Font Info:    Try loading font information for U+msb on input line 66.

(/usr/local/texlive/2011/texmf-dist/tex/latex/amsfonts/umsb.fd
File: umsb.fd 2009/06/22 v3.00 AMS symbols B
)
LaTeX Font Info:    Font shape `OT1/ptm/bx/n' in size <10> not available
(Font)              Font shape `OT1/ptm/b/n' tried instead on input line 67.
 (./abstract.tex

! LaTeX Error: Environment keywords undefined.

See the LaTeX manual or LaTeX Companion for explanation.
Type  H <return>  for immediate help.
 ...                                              
                                                  
l.32 \begin{keywords}
                     
Your command was ignored.
Type  I <command> <return>  to replace it with another command,
or  <return>  to continue without it.


! LaTeX Error: \begin{abstract} on input line 67 ended by \end{keywords}.

See the LaTeX manual or LaTeX Companion for explanation.
Type  H <return>  for immediate help.
 ...                                              
                                                  
l.34 \end{keywords}
                   
Your command was ignored.
Type  I <command> <return>  to replace it with another command,
or  <return>  to continue without it.

) (./intro.tex
Overfull \hbox (1.21747pt too wide) in paragraph at lines 4--14
\OT1/ptm/m/n/10 The pro-cess of form-ing func-tional con-nec-tions be-tween neu
-
 []


Overfull \hbox (4.99796pt too wide) in paragraph at lines 15--24
\OT1/ptm/m/n/10 au-to-mated high-throughput mi-croscopy have opened the door
 []


Overfull \hbox (0.25684pt too wide) in paragraph at lines 15--24
\OT1/ptm/m/n/10 into a num-ber of cel-lu-lar pro-cesses such as cell mi-gra-tio
n [[]]
 []

[1{/usr/local/texlive/2011/texmf-var/fonts/map/pdftex/updmap/pdftex.map}




]
<images/mv1_005.png, id=79, 698.61pt x 521.95pt>
File: images/mv1_005.png Graphic file (type png)
 <use images/mv1_005.png>
Package pdftex.def Info: images/mv1_005.png used on input line 69.
(pdftex.def)             Requested size: 128.0374pt x 95.65927pt.

<images/mv1_008.png, id=80, 698.61pt x 521.95pt>
File: images/mv1_008.png Graphic file (type png)
 <use images/mv1_008.png>
Package pdftex.def Info: images/mv1_008.png used on input line 70.
(pdftex.def)             Requested size: 128.0374pt x 95.65927pt.

<images/mv1_017.png, id=81, 698.61pt x 521.95pt>
File: images/mv1_017.png Graphic file (type png)
 <use images/mv1_017.png>
Package pdftex.def Info: images/mv1_017.png used on input line 72.
(pdftex.def)             Requested size: 128.0374pt x 95.65927pt.

<images/mv1_026.png, id=82, 698.61pt x 521.95pt>
File: images/mv1_026.png Graphic file (type png)
 <use images/mv1_026.png>
Package pdftex.def Info: images/mv1_026.png used on input line 73.
(pdftex.def)             Requested size: 128.0374pt x 95.65927pt.

Overfull \hbox (18.69429pt too wide) in paragraph at lines 68--76
[][] 
 []

<images/0_005.png, id=83, 317.185pt x 194.7275pt>
File: images/0_005.png Graphic file (type png)
 <use images/0_005.png>
Package pdftex.def Info: images/0_005.png used on input line 78.
(pdftex.def)             Requested size: 64.01869pt x 39.30136pt.

<images/0_008.png, id=85, 317.185pt x 194.7275pt>
File: images/0_008.png Graphic file (type png)
 <use images/0_008.png>
Package pdftex.def Info: images/0_008.png used on input line 79.
(pdftex.def)             Requested size: 64.01869pt x 39.30136pt.

<images/0_017.png, id=86, 317.185pt x 194.7275pt>
File: images/0_017.png Graphic file (type png)
 <use images/0_017.png>
Package pdftex.def Info: images/0_017.png used on input line 80.
(pdftex.def)             Requested size: 64.01869pt x 39.30136pt.

<images/0_026.png, id=87, 317.185pt x 194.7275pt>
File: images/0_026.png Graphic file (type png)
 <use images/0_026.png>
Package pdftex.def Info: images/0_026.png used on input line 81.
(pdftex.def)             Requested size: 64.01869pt x 39.30136pt.

<images/2_005.png, id=88, 317.185pt x 194.7275pt>
File: images/2_005.png Graphic file (type png)
 <use images/2_005.png>
Package pdftex.def Info: images/2_005.png used on input line 82.
(pdftex.def)             Requested size: 64.01869pt x 39.30136pt.

<images/2_008.png, id=89, 317.185pt x 194.7275pt>
File: images/2_008.png Graphic file (type png)
 <use images/2_008.png>
Package pdftex.def Info: images/2_008.png used on input line 83.
(pdftex.def)             Requested size: 64.01869pt x 39.30136pt.

<images/2_017.png, id=90, 317.185pt x 194.7275pt>
File: images/2_017.png Graphic file (type png)
 <use images/2_017.png>
Package pdftex.def Info: images/2_017.png used on input line 84.
(pdftex.def)             Requested size: 64.01869pt x 39.30136pt.

<images/2_026.png, id=91, 317.185pt x 194.7275pt>
File: images/2_026.png Graphic file (type png)
 <use images/2_026.png>
Package pdftex.def Info: images/2_026.png used on input line 85.
(pdftex.def)             Requested size: 64.01869pt x 39.30136pt.

Overfull \hbox (18.49426pt too wide) in paragraph at lines 77--105
[][]
 []

) (./method.tex
Overfull \hbox (32.29187pt too wide) in paragraph at lines 5--20
\OT1/ptm/m/n/10 is to pro-vide a set of neu-ron de-tec-tions $\OMS/cmsy/m/n/10 
X[] \OT1/cmr/m/n/10 = \OMS/cmsy/m/n/10 f\OML/cmm/m/it/10 X[]; [] ; X[]; [] ; X[
]\OMS/cmsy/m/n/10 g$
 []


Overfull \hbox (32.05032pt too wide) in paragraph at lines 5--20
\OT1/ptm/m/n/10 a nu-cleus $\OML/cmm/m/it/10 c[]$\OT1/ptm/m/n/10 , a soma $\OML
/cmm/m/it/10 s[]$\OT1/ptm/m/n/10 , a set of $\OML/cmm/m/it/10 J$ \OT1/ptm/m/n/1
0 neu-rites $\OMS/cmsy/m/n/10 f\OML/cmm/m/it/10 n[]; [] ; n[]; [] ; n[]\OMS/cms
y/m/n/10 g$\OT1/ptm/m/n/10 ,
 []


Overfull \hbox (61.31285pt too wide) in paragraph at lines 5--20
\OMS/cmsy/m/n/10 f\OML/cmm/m/it/10 f[]; [] ; f[]; [] ; f[]\OMS/cmsy/m/n/10 g$ \
OT1/ptm/m/n/10 so that $\OML/cmm/m/it/10 N[] \OT1/cmr/m/n/10 = \OMS/cmsy/m/n/10
 f\OT1/cmr/m/n/10 (\OML/cmm/m/it/10 n[]; F[]\OT1/cmr/m/n/10 )\OML/cmm/m/it/10 ;
 [] ; \OT1/cmr/m/n/10 (\OML/cmm/m/it/10 n[]; F[]\OT1/cmr/m/n/10 )\OMS/cmsy/m/n/
10 g$\OT1/ptm/m/n/10 .
 []


Overfull \hbox (0.67517pt too wide) in paragraph at lines 5--20
\OT1/ptm/m/n/10 Thus, a com-plete neu-ron $\OML/cmm/m/it/10 i$ \OT1/ptm/m/n/10 
is de-scribed by $\OML/cmm/m/it/10 X[] \OT1/cmr/m/n/10 = \OMS/cmsy/m/n/10 f\OML
/cmm/m/it/10 c[]; s[]; N[]\OMS/cmsy/m/n/10 g$
 []

<images/neurondrawing.pdf, id=94, 441.65656pt x 136.38882pt>
File: images/neurondrawing.pdf Graphic file (type pdf)

<use images/neurondrawing.pdf>
Package pdftex.def Info: images/neurondrawing.pdf used on input line 26.
(pdftex.def)             Requested size: 227.62204pt x 70.29408pt.

Overfull \hbox (2.04153pt too wide) in paragraph at lines 25--38
 [] 
 []


Overfull \hbox (1.86673pt too wide) in paragraph at lines 50--59
\OT1/ptm/m/n/10 with Lifeact-GFP and nu-clei are marked with NLS-mCherry.
 []

[2 <./images/mv1_005.png (PNG copy)> <./images/mv1_008.png (PNG copy)> <./image
s/mv1_017.png (PNG copy)> <./images/mv1_026.png (PNG copy)> <./images/0_005.png
> <./images/0_008.png> <./images/0_017.png> <./images/0_026.png> <./images/2_00
5.png> <./images/2_008.png> <./images/2_017.png> <./images/2_026.png> <./images
/neurondrawing.pdf>]
<images/greedytracking.pdf, id=131, 544.8967pt x 134.07442pt>
File: images/greedytracking.pdf Graphic file (type pdf)

<use images/greedytracking.pdf>
Package pdftex.def Info: images/greedytracking.pdf used on input line 110.
(pdftex.def)             Requested size: 227.62204pt x 56.00603pt.

Overfull \hbox (2.04153pt too wide) in paragraph at lines 109--119
 [][] 
 []

Package hyperref Info: bookmark level for unknown algorithm defaults to 0 on in
put line 129.
LaTeX Font Info:    Font shape `OT1/ptm/bx/n' in size <8> not available
(Font)              Font shape `OT1/ptm/b/n' tried instead on input line 134.

Overfull \hbox (18.65433pt too wide) in paragraph at lines 163--171
\OT1/ptm/m/n/10 con-nects max-i-mally the voxel $\OML/cmm/m/it/10 u$ \OT1/ptm/m
/n/10 to the soma $\OML/cmm/m/it/10 s[]$\OT1/ptm/m/n/10 , $\OML/cmm/m/it/10 P\O
T1/cmr/m/n/10 (\OML/cmm/m/it/10 S[]; I[]\OMS/cmsy/m/n/10 j\OML/cmm/m/it/10 J[]\
OT1/cmr/m/n/10 (\OML/cmm/m/it/10 u\OT1/cmr/m/n/10 ) =
 []


Overfull \hbox (34.2996pt too wide) in paragraph at lines 172--188
\OT1/ptm/m/n/10 neigh-bors. We as-sign to each edge a weight $\OML/cmm/m/it/10 
w[] \OT1/cmr/m/n/10 = \OMS/cmsy/m/n/10 ^^@\OML/cmm/m/it/10 logP\OT1/cmr/m/n/10 
(\OML/cmm/m/it/10 I[]\OT1/cmr/m/n/10 (\OML/cmm/m/it/10 v\OT1/cmr/m/n/10 )\OMS/c
msy/m/n/10 j\OML/cmm/m/it/10 v\OT1/cmr/m/n/10 )$\OT1/ptm/m/n/10 .
 []

) (./features.tex
Overfull \hbox (9.64738pt too wide) in paragraph at lines 2--17
\OT1/ptm/m/n/10 Our track-ing and seg-men-ta-tion method pro-duces sets of grap
hs
 []

) (./results.tex
<images/DistToSomaExtremeNeurite.pdf, id=135, 439.6425pt x 292.09125pt>
File: images/DistToSomaExtremeNeurite.pdf Graphic file (type pdf)

<use images/DistToSomaExtremeNeurite.pdf>
Package pdftex.def Info: images/DistToSomaExtremeNeurite.pdf used on input line
 9.
(pdftex.def)             Requested size: 119.91257pt x 79.66771pt.

<images/EccentricityNeuriteDelta.pdf, id=136, 424.58624pt x 292.09125pt>
File: images/EccentricityNeuriteDelta.pdf Graphic file (type pdf)

<use images/EccentricityNeuriteDelta.pdf>
Package pdftex.def Info: images/EccentricityNeuriteDelta.pdf used on input line
 10.
(pdftex.def)             Requested size: 115.80597pt x 79.66771pt.

<images/SpeedNuclei.pdf, id=137, 440.64626pt x 292.09125pt>
File: images/SpeedNuclei.pdf Graphic file (type pdf)

<use images/SpeedNuclei.pdf>
Package pdftex.def Info: images/SpeedNuclei.pdf used on input line 14.
(pdftex.def)             Requested size: 120.18634pt x 79.66771pt.

<images/MaxBranchCountNeurite.pdf, id=138, 433.62pt x 292.09125pt>
File: images/MaxBranchCountNeurite.pdf Graphic file (type pdf)

<use images/MaxBranchCountNeurite.pdf>
Package pdftex.def Info: images/MaxBranchCountNeurite.pdf used on input line 15
.
(pdftex.def)             Requested size: 118.26993pt x 79.66771pt.
 [3 <./images/greedytracking.pdf>]
Overfull \hbox (2.91676pt too wide) in paragraph at lines 108--120
\OT1/ptm/m/n/10 that RhoA func-tion loss slowed neu-ron motil-ity and Map2K7
 []


Overfull \hbox (9.80563pt too wide) in paragraph at lines 108--120
\OT1/ptm/m/n/10 moved at .23 $\OML/cmm/m/it/10 ^^Vm=min$\OT1/ptm/m/n/10 , and M
ap2K7-2 moved at .37 $\OML/cmm/m/it/10 ^^Vm=min$
 []

) (./conclusion.tex) (./top.bbl [4 <./images/DistToSomaExtremeNeurite.pdf> <./i
mages/EccentricityNeuriteDelta.pdf> <./images/SpeedNuclei.pdf> <./images/MaxBra
nchCountNeurite.pdf>])
Package atveryend Info: Empty hook `BeforeClearDocument' on input line 105.
 [5

]
Package atveryend Info: Empty hook `AfterLastShipout' on input line 105.
 (./top.aux)
Package atveryend Info: Executing hook `AtVeryEndDocument' on input line 105.
Package atveryend Info: Executing hook `AtEndAfterFileList' on input line 105.


Package rerunfilecheck Warning: File `top.out' has changed.
(rerunfilecheck)                Rerun to get outlines right
(rerunfilecheck)                or use package `bookmark'.

Package rerunfilecheck Info: Checksums for `top.out':
(rerunfilecheck)             Before: 4AAD9B86E0CA69B7706BA50A616F8E5C;860
(rerunfilecheck)             After:  B83B7E4B8AE7B49C3630950D9C8A1C6D;846.

LaTeX Warning: Label(s) may have changed. Rerun to get cross-references right.

Package atveryend Info: Empty hook `AtVeryVeryEnd' on input line 105.
 ) 
Here is how much of TeX's memory you used:
 7506 strings out of 493633
 111541 string characters out of 3143377
 217791 words of memory out of 3000000
 10616 multiletter control sequences out of 15000+200000
 29424 words of font info for 64 fonts, out of 3000000 for 9000
 831 hyphenation exceptions out of 8191
 44i,12n,42p,1214b,675s stack positions out of 5000i,500n,10000p,200000b,50000s
{/usr/local/texlive/2011/texmf-dist/fonts/enc/dvips/base/8r.enc}</usr/local/t
exlive/2011/texmf-dist/fonts/type1/public/amsfonts/cm/cmex10.pfb></usr/local/te
xlive/2011/texmf-dist/fonts/type1/public/amsfonts/cm/cmmi10.pfb></usr/local/tex
live/2011/texmf-dist/fonts/type1/public/amsfonts/cm/cmmi5.pfb></usr/local/texli
ve/2011/texmf-dist/fonts/type1/public/amsfonts/cm/cmmi6.pfb></usr/local/texlive
/2011/texmf-dist/fonts/type1/public/amsfonts/cm/cmmi7.pfb></usr/local/texlive/2
011/texmf-dist/fonts/type1/public/amsfonts/cm/cmmi8.pfb></usr/local/texlive/201
1/texmf-dist/fonts/type1/public/amsfonts/cm/cmr10.pfb></usr/local/texlive/2011/
texmf-dist/fonts/type1/public/amsfonts/cm/cmr5.pfb></usr/local/texlive/2011/tex
mf-dist/fonts/type1/public/amsfonts/cm/cmr6.pfb></usr/local/texlive/2011/texmf-
dist/fonts/type1/public/amsfonts/cm/cmr7.pfb></usr/local/texlive/2011/texmf-dis
t/fonts/type1/public/amsfonts/cm/cmr8.pfb></usr/local/texlive/2011/texmf-dist/f
onts/type1/public/amsfonts/cm/cmsy10.pfb></usr/local/texlive/2011/texmf-dist/fo
nts/type1/public/amsfonts/cm/cmsy5.pfb></usr/local/texlive/2011/texmf-dist/font
s/type1/public/amsfonts/cm/cmsy6.pfb></usr/local/texlive/2011/texmf-dist/fonts/
type1/public/amsfonts/cm/cmsy7.pfb></usr/local/texlive/2011/texmf-dist/fonts/ty
pe1/public/amsfonts/cm/cmsy8.pfb></usr/local/texlive/2011/texmf-dist/fonts/type
1/urw/times/utmb8a.pfb></usr/local/texlive/2011/texmf-dist/fonts/type1/urw/time
s/utmr8a.pfb></usr/local/texlive/2011/texmf-dist/fonts/type1/urw/times/utmri8a.
pfb>
Output written on top.pdf (5 pages, 3263911 bytes).
PDF statistics:
 484 PDF objects out of 1000 (max. 8388607)
 341 compressed objects within 4 object streams
 46 named destinations out of 1000 (max. 500000)
 187 words of extra memory for PDF output out of 10000 (max. 10000000)

